<?xml version="1.0" encoding="UTF-8"?>
<!-- Generated by org.testng.reporters.JUnitReportReporter -->
<testsuite skipped="0" hostname="TCTSL-CD7285LG6" name="com.qa.tests.GetAPITest" tests="1" failures="0" timestamp="05 Jul 2019 12:51:20 GMT" time="1.677" errors="0">
  <testcase name="getAPITest" time="1.677" classname="com.qa.tests.GetAPITest"/>
</testsuite> <!-- com.qa.tests.GetAPITest -->
